TN:
SF:analyzeArray.js
FN:2,analyzeArray
FNF:1
FNH:1
FNDA:2,analyzeArray
DA:3,2
DA:4,2
DA:5,2
DA:6,12
DA:7,2
DA:9,12
DA:10,2
DA:14,2
DA:15,2
DA:16,12
DA:19,2
DA:20,2
DA:26,2
DA:28,1
DA:29,1
LF:15
LH:15
BRDA:6,0,0,2
BRDA:6,0,1,10
BRDA:9,1,0,2
BRDA:9,1,1,10
BRF:4
BRH:4
end_of_record
TN:
SF:calculator.js
FN:2,(anonymous_0)
FN:5,(anonymous_1)
FN:8,(anonymous_2)
FN:11,(anonymous_3)
FNF:4
FNH:4
FNDA:1,(anonymous_0)
FNDA:1,(anonymous_1)
FNDA:1,(anonymous_2)
FNDA:1,(anonymous_3)
DA:1,1
DA:3,1
DA:6,1
DA:9,1
DA:12,1
DA:16,1
LF:6
LH:6
BRF:0
BRH:0
end_of_record
TN:
SF:capitalize.js
FN:1,capitalize
FNF:1
FNH:1
FNDA:1,capitalize
DA:2,1
DA:4,1
LF:2
LH:2
BRF:0
BRH:0
end_of_record
TN:
SF:reverseString.js
FN:1,reverseString
FNF:1
FNH:1
FNDA:2,reverseString
DA:2,2
DA:4,1
DA:5,1
LF:3
LH:3
BRF:0
BRH:0
end_of_record
TN:
SF:sum.js
FN:1,sum
FNF:1
FNH:1
FNDA:1,sum
DA:2,1
DA:4,1
LF:2
LH:2
BRF:0
BRH:0
end_of_record
